# JRE version: OpenJDK Runtime Environment (11.0.15) (build 11.0.15+0-b2043.56-8887301)
# Java VM: OpenJDK 64-Bit Server VM (11.0.15+0-b2043.56-8887301, mixed mode, tiered, compressed oops, g1 gc, linux-amd64)
Heap:
 garbage-first heap   total 275456K, used 179648K [0x0000000080000000, 0x0000000100000000)
  region size 1024K, 134 young (137216K), 17 survivors (17408K)
 Metaspace       used 77289K, capacity 79150K, committed 79424K, reserved 1118208K
  class space    used 9927K, capacity 10557K, committed 10576K, reserved 1048576K
GC Heap History (20 events):
Event: 0.698 GC heap after
{Heap after GC invocations=2 (full 0):
 garbage-first heap   total 190464K, used 8898K [0x0000000080000000, 0x0000000100000000)
  region size 1024K, 1 young (1024K), 1 survivors (1024K)
 Metaspace       used 10670K, capacity 10861K, committed 11264K, reserved 1058816K
  class space    used 1112K, capacity 1171K, committed 1280K, reserved 1048576K
}
Event: 0.895 GC heap before
{Heap before GC invocations=2 (full 0):
 garbage-first heap   total 190464K, used 37570K [0x0000000080000000, 0x0000000100000000)
  region size 1024K, 30 young (30720K), 1 survivors (1024K)
 Metaspace       used 11387K, capacity 11590K, committed 11904K, reserved 1060864K
  class space    used 1239K, capacity 1307K, committed 1408K, reserved 1048576K
}
Event: 0.899 GC heap after
{Heap after GC invocations=3 (full 0):
 garbage-first heap   total 190464K, used 13425K [0x0000000080000000, 0x0000000100000000)
  region size 1024K, 4 young (4096K), 4 survivors (4096K)
 Metaspace       used 11387K, capacity 11590K, committed 11904K, reserved 1060864K
  class space    used 1239K, capacity 1307K, committed 1408K, reserved 1048576K
}
Event: 1.457 GC heap before
{Heap before GC invocations=3 (full 0):
 garbage-first heap   total 190464K, used 54385K [0x0000000080000000, 0x0000000100000000)
  region size 1024K, 44 young (45056K), 4 survivors (4096K)
 Metaspace       used 20168K, capacity 20673K, committed 20864K, reserved 1067008K
  class space    used 2436K, capacity 2605K, committed 2688K, reserved 1048576K
}
Event: 1.463 GC heap after
{Heap after GC invocations=4 (full 0):
 garbage-first heap   total 190464K, used 16195K [0x0000000080000000, 0x0000000100000000)
  region size 1024K, 3 young (3072K), 3 survivors (3072K)
 Metaspace       used 20168K, capacity 20673K, committed 20864K, reserved 1067008K
  class space    used 2436K, capacity 2605K, committed 2688K, reserved 1048576K
}
Event: 1.486 GC heap before
{Heap before GC invocations=4 (full 0):
 garbage-first heap   total 190464K, used 19267K [0x0000000080000000, 0x0000000100000000)
  region size 1024K, 7 young (7168K), 3 survivors (3072K)
 Metaspace       used 20535K, capacity 21062K, committed 21296K, reserved 1069056K
  class space    used 2496K, capacity 2671K, committed 2688K, reserved 1048576K
}
Event: 1.491 GC heap after
{Heap after GC invocations=5 (full 0):
 garbage-first heap   total 229376K, used 16349K [0x0000000080000000, 0x0000000100000000)
  region size 1024K, 3 young (3072K), 3 survivors (3072K)
 Metaspace       used 20535K, capacity 21062K, committed 21296K, reserved 1069056K
  class space    used 2496K, capacity 2671K, committed 2688K, reserved 1048576K
}
Event: 1.976 GC heap before
{Heap before GC invocations=6 (full 0):
 garbage-first heap   total 229376K, used 71645K [0x0000000080000000, 0x0000000100000000)
  region size 1024K, 57 young (58368K), 3 survivors (3072K)
 Metaspace       used 26474K, capacity 27102K, committed 27520K, reserved 1073152K
  class space    used 3434K, capacity 3647K, committed 3712K, reserved 1048576K
}
Event: 1.983 GC heap after
{Heap after GC invocations=7 (full 0):
 garbage-first heap   total 229376K, used 18226K [0x0000000080000000, 0x0000000100000000)
  region size 1024K, 5 young (5120K), 5 survivors (5120K)
 Metaspace       used 26474K, capacity 27102K, committed 27520K, reserved 1073152K
  class space    used 3434K, capacity 3647K, committed 3712K, reserved 1048576K
}
Event: 2.557 GC heap before
{Heap before GC invocations=7 (full 0):
 garbage-first heap   total 229376K, used 65330K [0x0000000080000000, 0x0000000100000000)
  region size 1024K, 52 young (53248K), 5 survivors (5120K)
 Metaspace       used 35059K, capacity 35756K, committed 36048K, reserved 1081344K
  class space    used 4493K, capacity 4785K, committed 4816K, reserved 1048576K
}
Event: 2.566 GC heap after
{Heap after GC invocations=8 (full 0):
 garbage-first heap   total 229376K, used 21961K [0x0000000080000000, 0x0000000100000000)
  region size 1024K, 9 young (9216K), 9 survivors (9216K)
 Metaspace       used 35059K, capacity 35756K, committed 36048K, reserved 1081344K
  class space    used 4493K, capacity 4785K, committed 4816K, reserved 1048576K
}
Event: 3.395 GC heap before
{Heap before GC invocations=9 (full 0):
 garbage-first heap   total 229376K, used 109001K [0x0000000080000000, 0x0000000100000000)
  region size 1024K, 91 young (93184K), 9 survivors (9216K)
 Metaspace       used 42709K, capacity 43694K, committed 43984K, reserved 1087488K
  class space    used 5413K, capacity 5760K, committed 5840K, reserved 1048576K
}
Event: 3.414 GC heap after
{Heap after GC invocations=10 (full 0):
 garbage-first heap   total 229376K, used 26809K [0x0000000080000000, 0x0000000100000000)
  region size 1024K, 11 young (11264K), 11 survivors (11264K)
 Metaspace       used 42709K, capacity 43694K, committed 43984K, reserved 1087488K
  class space    used 5413K, capacity 5760K, committed 5840K, reserved 1048576K
}
Event: 4.380 GC heap before
{Heap before GC invocations=10 (full 0):
 garbage-first heap   total 229376K, used 151737K [0x0000000080000000, 0x0000000100000000)
  region size 1024K, 127 young (130048K), 11 survivors (11264K)
 Metaspace       used 50327K, capacity 51705K, committed 51920K, reserved 1093632K
  class space    used 6308K, capacity 6770K, committed 6864K, reserved 1048576K
}
Event: 4.397 GC heap after
{Heap after GC invocations=11 (full 0):
 garbage-first heap   total 275456K, used 45312K [0x0000000080000000, 0x0000000100000000)
  region size 1024K, 16 young (16384K), 16 survivors (16384K)
 Metaspace       used 50327K, capacity 51705K, committed 51920K, reserved 1093632K
  class space    used 6308K, capacity 6770K, committed 6864K, reserved 1048576K
}
Event: 5.237 GC heap before
{Heap before GC invocations=11 (full 0):
 garbage-first heap   total 275456K, used 121088K [0x0000000080000000, 0x0000000100000000)
  region size 1024K, 90 young (92160K), 16 survivors (16384K)
 Metaspace       used 58931K, capacity 60357K, committed 60508K, reserved 1101824K
  class space    used 7376K, capacity 7843K, committed 7888K, reserved 1048576K
}
Event: 5.265 GC heap after
{Heap after GC invocations=12 (full 0):
 garbage-first heap   total 275456K, used 51163K [0x0000000080000000, 0x0000000100000000)
  region size 1024K, 6 young (6144K), 6 survivors (6144K)
 Metaspace       used 58931K, capacity 60357K, committed 60508K, reserved 1101824K
  class space    used 7376K, capacity 7843K, committed 7888K, reserved 1048576K
}
Event: 6.519 GC heap before
{Heap before GC invocations=13 (full 0):
 garbage-first heap   total 275456K, used 166875K [0x0000000080000000, 0x0000000100000000)
  region size 1024K, 119 young (121856K), 6 survivors (6144K)
 Metaspace       used 69540K, capacity 71171K, committed 71488K, reserved 1112064K
  class space    used 8934K, capacity 9529K, committed 9552K, reserved 1048576K
}
Event: 6.544 GC heap after
{Heap after GC invocations=14 (full 0):
 garbage-first heap   total 275456K, used 59840K [0x0000000080000000, 0x0000000100000000)
  region size 1024K, 14 young (14336K), 14 survivors (14336K)
 Metaspace       used 69540K, capacity 71171K, committed 71488K, reserved 1112064K
  class space    used 8934K, capacity 9529K, committed 9552K, reserved 1048576K
}
Event: 7.666 GC heap before
{Heap before GC invocations=15 (full 0):
 garbage-first heap   total 275456K, used 178624K [0x0000000080000000, 0x0000000100000000)
  region size 1024K, 131 young (134144K), 14 survivors (14336K)
 Metaspace       used 77289K, capacity 79150K, committed 79424K, reserved 1118208K
  class space    used 9927K, capacity 10557K, committed 10576K, reserved 1048576K
}

