# JRE version: OpenJDK Runtime Environment (11.0.15) (build 11.0.15+0-b2043.56-8887301)
# Java VM: OpenJDK 64-Bit Server VM (11.0.15+0-b2043.56-8887301, mixed mode, tiered, compressed oops, g1 gc, linux-amd64)
Heap:
 garbage-first heap   total 384000K, used 231936K [0x0000000080000000, 0x0000000100000000)
  region size 1024K, 40 young (40960K), 5 survivors (5120K)
 Metaspace       used 100098K, capacity 102973K, committed 103244K, reserved 1138688K
  class space    used 13039K, capacity 14085K, committed 14208K, reserved 1048576K
GC Heap History (20 events):
Event: 3.562 GC heap before
{Heap before GC invocations=9 (full 0):
 garbage-first heap   total 229376K, used 108701K [0x0000000080000000, 0x0000000100000000)
  region size 1024K, 91 young (93184K), 9 survivors (9216K)
 Metaspace       used 42374K, capacity 43291K, committed 43648K, reserved 1087488K
  class space    used 5374K, capacity 5709K, committed 5760K, reserved 1048576K
}
Event: 3.584 GC heap after
{Heap after GC invocations=10 (full 0):
 garbage-first heap   total 229376K, used 26368K [0x0000000080000000, 0x0000000100000000)
  region size 1024K, 11 young (11264K), 11 survivors (11264K)
 Metaspace       used 42374K, capacity 43291K, committed 43648K, reserved 1087488K
  class space    used 5374K, capacity 5709K, committed 5760K, reserved 1048576K
}
Event: 4.533 GC heap before
{Heap before GC invocations=10 (full 0):
 garbage-first heap   total 229376K, used 153344K [0x0000000080000000, 0x0000000100000000)
  region size 1024K, 129 young (132096K), 11 survivors (11264K)
 Metaspace       used 50327K, capacity 51648K, committed 51840K, reserved 1093632K
  class space    used 6312K, capacity 6772K, committed 6784K, reserved 1048576K
}
Event: 4.556 GC heap after
{Heap after GC invocations=11 (full 0):
 garbage-first heap   total 291840K, used 45314K [0x0000000080000000, 0x0000000100000000)
  region size 1024K, 17 young (17408K), 17 survivors (17408K)
 Metaspace       used 50327K, capacity 51648K, committed 51840K, reserved 1093632K
  class space    used 6312K, capacity 6772K, committed 6784K, reserved 1048576K
}
Event: 5.414 GC heap before
{Heap before GC invocations=11 (full 0):
 garbage-first heap   total 291840K, used 115970K [0x0000000080000000, 0x0000000100000000)
  region size 1024K, 87 young (89088K), 17 survivors (17408K)
 Metaspace       used 58731K, capacity 60108K, committed 60288K, reserved 1101824K
  class space    used 7351K, capacity 7803K, committed 7808K, reserved 1048576K
}
Event: 5.442 GC heap after
{Heap after GC invocations=12 (full 0):
 garbage-first heap   total 291840K, used 51079K [0x0000000080000000, 0x0000000100000000)
  region size 1024K, 6 young (6144K), 6 survivors (6144K)
 Metaspace       used 58731K, capacity 60108K, committed 60288K, reserved 1101824K
  class space    used 7351K, capacity 7803K, committed 7808K, reserved 1048576K
}
Event: 6.737 GC heap before
{Heap before GC invocations=13 (full 0):
 garbage-first heap   total 291840K, used 174983K [0x0000000080000000, 0x0000000100000000)
  region size 1024K, 127 young (130048K), 6 survivors (6144K)
 Metaspace       used 70593K, capacity 72199K, committed 72396K, reserved 1112064K
  class space    used 9083K, capacity 9665K, committed 9728K, reserved 1048576K
}
Event: 6.760 GC heap after
{Heap after GC invocations=14 (full 0):
 garbage-first heap   total 291840K, used 58745K [0x0000000080000000, 0x0000000100000000)
  region size 1024K, 13 young (13312K), 13 survivors (13312K)
 Metaspace       used 70593K, capacity 72199K, committed 72396K, reserved 1112064K
  class space    used 9083K, capacity 9665K, committed 9728K, reserved 1048576K
}
Event: 8.486 GC heap before
{Heap before GC invocations=15 (full 0):
 garbage-first heap   total 291840K, used 192889K [0x0000000080000000, 0x0000000100000000)
  region size 1024K, 145 young (148480K), 13 survivors (13312K)
 Metaspace       used 78637K, capacity 80522K, committed 80716K, reserved 1120256K
  class space    used 10099K, capacity 10767K, committed 10880K, reserved 1048576K
}
Event: 8.521 GC heap after
{Heap after GC invocations=16 (full 0):
 garbage-first heap   total 291840K, used 71955K [0x0000000080000000, 0x0000000100000000)
  region size 1024K, 19 young (19456K), 19 survivors (19456K)
 Metaspace       used 78637K, capacity 80522K, committed 80716K, reserved 1120256K
  class space    used 10099K, capacity 10767K, committed 10880K, reserved 1048576K
}
Event: 9.650 GC heap before
{Heap before GC invocations=16 (full 0):
 garbage-first heap   total 291840K, used 203027K [0x0000000080000000, 0x0000000100000000)
  region size 1024K, 148 young (151552K), 19 survivors (19456K)
 Metaspace       used 79892K, capacity 81836K, committed 81996K, reserved 1120256K
  class space    used 10188K, capacity 10856K, committed 10880K, reserved 1048576K
}
Event: 9.679 GC heap after
{Heap after GC invocations=17 (full 0):
 garbage-first heap   total 384000K, used 80441K [0x0000000080000000, 0x0000000100000000)
  region size 1024K, 8 young (8192K), 8 survivors (8192K)
 Metaspace       used 79892K, capacity 81836K, committed 81996K, reserved 1120256K
  class space    used 10188K, capacity 10856K, committed 10880K, reserved 1048576K
}
Event: 13.551 GC heap before
{Heap before GC invocations=17 (full 0):
 garbage-first heap   total 384000K, used 239161K [0x0000000080000000, 0x0000000100000000)
  region size 1024K, 162 young (165888K), 8 survivors (8192K)
 Metaspace       used 89545K, capacity 91852K, committed 92108K, reserved 1128448K
  class space    used 11487K, capacity 12264K, committed 12288K, reserved 1048576K
}
Event: 13.570 GC heap after
{Heap after GC invocations=18 (full 0):
 garbage-first heap   total 384000K, used 92688K [0x0000000080000000, 0x0000000100000000)
  region size 1024K, 18 young (18432K), 18 survivors (18432K)
 Metaspace       used 89545K, capacity 91852K, committed 92108K, reserved 1128448K
  class space    used 11487K, capacity 12264K, committed 12288K, reserved 1048576K
}
Event: 15.069 GC heap before
{Heap before GC invocations=18 (full 0):
 garbage-first heap   total 384000K, used 300560K [0x0000000080000000, 0x0000000100000000)
  region size 1024K, 188 young (192512K), 18 survivors (18432K)
 Metaspace       used 99534K, capacity 102406K, committed 102732K, reserved 1138688K
  class space    used 13037K, capacity 14082K, committed 14208K, reserved 1048576K
}
Event: 15.114 GC heap after
{Heap after GC invocations=19 (full 0):
 garbage-first heap   total 384000K, used 137977K [0x0000000080000000, 0x0000000100000000)
  region size 1024K, 24 young (24576K), 24 survivors (24576K)
 Metaspace       used 99534K, capacity 102406K, committed 102732K, reserved 1138688K
  class space    used 13037K, capacity 14082K, committed 14208K, reserved 1048576K
}
Event: 15.732 GC heap before
{Heap before GC invocations=19 (full 0):
 garbage-first heap   total 384000K, used 233209K [0x0000000080000000, 0x0000000100000000)
  region size 1024K, 114 young (116736K), 24 survivors (24576K)
 Metaspace       used 99904K, capacity 102751K, committed 102988K, reserved 1138688K
  class space    used 13037K, capacity 14082K, committed 14208K, reserved 1048576K
}
Event: 15.832 GC heap after
{Heap after GC invocations=20 (full 0):
 garbage-first heap   total 384000K, used 192000K [0x0000000080000000, 0x0000000100000000)
  region size 1024K, 15 young (15360K), 15 survivors (15360K)
 Metaspace       used 99904K, capacity 102751K, committed 102988K, reserved 1138688K
  class space    used 13037K, capacity 14082K, committed 14208K, reserved 1048576K
}
Event: 15.964 GC heap before
{Heap before GC invocations=20 (full 0):
 garbage-first heap   total 384000K, used 206336K [0x0000000080000000, 0x0000000100000000)
  region size 1024K, 30 young (30720K), 15 survivors (15360K)
 Metaspace       used 99964K, capacity 102833K, committed 102988K, reserved 1138688K
  class space    used 13039K, capacity 14084K, committed 14208K, reserved 1048576K
}
Event: 16.021 GC heap after
{Heap after GC invocations=21 (full 0):
 garbage-first heap   total 384000K, used 197120K [0x0000000080000000, 0x0000000100000000)
  region size 1024K, 5 young (5120K), 5 survivors (5120K)
 Metaspace       used 99964K, capacity 102833K, committed 102988K, reserved 1138688K
  class space    used 13039K, capacity 14084K, committed 14208K, reserved 1048576K
}

